#
# A fatal error has been detected by the Java Runtime Environment:
#
#  EXCEPTION_ACCESS_VIOLATION (0xc0000005) at pc=0x000000005291a6a5, pid=1260, tid=7980
#
# JRE version: Java(TM) SE Runtime Environment (8.0_31-b13) (build 1.8.0_31-b13)
# Java VM: Java HotSpot(TM) 64-Bit Server VM (25.31-b07 mixed mode windows-amd64 compressed oops)
# Problematic frame:
# V  [jvm.dll+0x11a6a5]
#
# Failed to write core dump. Minidumps are not enabled by default on client versions of Windows
#
# If you would like to submit a bug report, please visit:
#   http://bugreport.java.com/bugreport/crash.jsp
#

---------------  T H R E A D  ---------------

Current thread (0x0000000016f90000):  JavaThread "JDWP Transport Listener: dt_socket" daemon [_thread_in_vm, id=7980, stack(0x0000000018830000,0x0000000018930000)]

siginfo: ExceptionCode=0xc0000005, reading address 0xffffffffffffffff

Registers:
RAX=0x000000001892f501, RBX=0x0000000016f90000, RCX=0x6c6974752f617661, RDX=0x0000000000000000
RSP=0x000000001892f590, RBP=0x6c6974752f617661, RSI=0x000000001892f6a8, RDI=0x00000000008487e0
R8 =0x0000000016f90000, R9 =0x0000000000008000, R10=0x7463656a626f4c3c, R11=0x0000000016fb7d62
R12=0x0000000000000000, R13=0x0000000016f90b48, R14=0x0000000000000000, R15=0x0000000000000000
RIP=0x000000005291a6a5, EFLAGS=0x0000000000010202

Top of Stack: (sp=0x000000001892f590)
0x000000001892f590:   0000000016f90000 0000000016f90000
0x000000001892f5a0:   000000001892f658 0000000052b17c1b
0x000000001892f5b0:   0000000016f90000 0000000052b3447d
0x000000001892f5c0:   000000000000004b 0000000052549149
0x000000001892f5d0:   0000000016fa5988 0000000052552912
0x000000001892f5e0:   0000000016f90000 0000000000000000
0x000000001892f5f0:   0000000000000000 0000000000000000
0x000000001892f600:   6c6974752f617661 0000000052551a09
0x000000001892f610:   000000001892f6a8 000000001892f680
0x000000001892f620:   0000000000000001 0000000016fa5988
0x000000001892f630:   6c6974752f617661 00000000525353b3
0x000000001892f640:   000000001892f770 0000000000000001
0x000000001892f650:   0000000000000001 0000000016fa5988
0x000000001892f660:   0000000000000002 0000000000000000
0x000000001892f670:   0000000000000000 0000000000000000
0x000000001892f680:   0000000000000001 0000000052535571 

Instructions: (pc=0x000000005291a6a5)
0x000000005291a685:   cc cc cc cc cc cc cc cc cc cc cc 48 83 ec 28 48
0x000000005291a695:   85 c9 75 07 33 c0 48 83 c4 28 c3 48 89 5c 24 20
0x000000005291a6a5:   48 8b 19 48 85 db 74 20 48 83 fb 37 74 1a 48 8b
0x000000005291a6b5:   13 48 8b cb ff 52 10 84 c0 74 0d 48 8b c3 48 8b 


Register to memory mapping:

RAX=0x000000001892f501 is pointing into the stack for thread: 0x0000000016f90000
RBX=0x0000000016f90000 is a thread
RCX=0x6c6974752f617661 is an unknown value
RDX=0x0000000000000000 is an unknown value
RSP=0x000000001892f590 is pointing into the stack for thread: 0x0000000016f90000
RBP=0x6c6974752f617661 is an unknown value
RSI=0x000000001892f6a8 is pointing into the stack for thread: 0x0000000016f90000
RDI=0x00000000008487e0 is an unknown value
R8 =0x0000000016f90000 is a thread
R9 =0x0000000000008000 is an unknown value
R10=0x7463656a626f4c3c is an unknown value
R11=0x0000000016fb7d62 is an unknown value
R12=0x0000000000000000 is an unknown value
R13=0x0000000016f90b48 is an unknown value
R14=0x0000000000000000 is an unknown value
R15=0x0000000000000000 is an unknown value


Stack: [0x0000000018830000,0x0000000018930000],  sp=0x000000001892f590,  free space=1021k
Native frames: (J=compiled Java code, j=interpreted, Vv=VM code, C=native code)
V  [jvm.dll+0x11a6a5]
V  [jvm.dll+0x33447d]
C  [jdwp.dll+0x21a09]
C  [jdwp.dll+0x53b3]
C  [jdwp.dll+0x5571]
C  [jdwp.dll+0xf09c]
C  [jdwp.dll+0x1f2c9]
C  [jdwp.dll+0x1f49e]
V  [jvm.dll+0x1ac128]
V  [jvm.dll+0x22c194]
V  [jvm.dll+0x28576a]
C  [msvcr100.dll+0x21d9f]
C  [msvcr100.dll+0x21e3b]
C  [KERNEL32.DLL+0x13dc4]
C  [ntdll.dll+0x73691]


---------------  P R O C E S S  ---------------

Java Threads: ( => current thread )
  0x0000000018d63000 JavaThread "Service Thread" daemon [_thread_blocked, id=8584, stack(0x0000000019230000,0x0000000019330000)]
  0x0000000018d40800 JavaThread "C1 CompilerThread2" daemon [_thread_blocked, id=8012, stack(0x0000000019130000,0x0000000019230000)]
  0x0000000016fb2000 JavaThread "C2 CompilerThread1" daemon [_thread_blocked, id=11180, stack(0x0000000018c30000,0x0000000018d30000)]
  0x0000000016fa6000 JavaThread "C2 CompilerThread0" daemon [_thread_blocked, id=10652, stack(0x0000000018b30000,0x0000000018c30000)]
  0x0000000016f96000 JavaThread "JDWP Command Reader" daemon [_thread_in_native, id=6412, stack(0x0000000018a30000,0x0000000018b30000)]
  0x0000000016f92800 JavaThread "JDWP Event Helper Thread" daemon [_thread_blocked, id=9824, stack(0x0000000018930000,0x0000000018a30000)]
=>0x0000000016f90000 JavaThread "JDWP Transport Listener: dt_socket" daemon [_thread_in_vm, id=7980, stack(0x0000000018830000,0x0000000018930000)]
  0x0000000016f7e800 JavaThread "Attach Listener" daemon [_thread_blocked, id=10208, stack(0x00000000183f0000,0x00000000184f0000)]
  0x0000000016f7c800 JavaThread "Signal Dispatcher" daemon [_thread_blocked, id=7148, stack(0x00000000182f0000,0x00000000183f0000)]
  0x00000000023b5800 JavaThread "Finalizer" daemon [_thread_blocked, id=13164, stack(0x00000000181f0000,0x00000000182f0000)]
  0x00000000023ab800 JavaThread "Reference Handler" daemon [_thread_blocked, id=2468, stack(0x00000000180f0000,0x00000000181f0000)]
  0x000000000084d800 JavaThread "main" [_thread_blocked, id=7360, stack(0x0000000002180000,0x0000000002280000)]

Other Threads:
  0x0000000016f47800 VMThread [stack: 0x0000000017ff0000,0x00000000180f0000] [id=11684]
  0x0000000018d66000 WatcherThread [stack: 0x0000000019330000,0x0000000019430000] [id=6988]

VM state:not at safepoint (normal execution)

VM Mutex/Monitor currently owned by a thread: None

Heap:
 PSYoungGen      total 38400K, used 2662K [0x00000000d5900000, 0x00000000d8380000, 0x0000000100000000)
  eden space 33280K, 8% used [0x00000000d5900000,0x00000000d5b99a68,0x00000000d7980000)
  from space 5120K, 0% used [0x00000000d7e80000,0x00000000d7e80000,0x00000000d8380000)
  to   space 5120K, 0% used [0x00000000d7980000,0x00000000d7980000,0x00000000d7e80000)
 ParOldGen       total 87552K, used 0K [0x0000000080a00000, 0x0000000085f80000, 0x00000000d5900000)
  object space 87552K, 0% used [0x0000000080a00000,0x0000000080a00000,0x0000000085f80000)
 Metaspace       used 2581K, capacity 4664K, committed 4864K, reserved 1056768K
  class space    used 284K, capacity 424K, committed 512K, reserved 1048576K

Card table byte_map: [0x0000000011780000,0x0000000011b80000] byte_map_base: 0x000000001137b000

Marking Bits: (ParMarkBitMap*) 0x0000000052fdd4f0
 Begin Bits: [0x0000000012230000, 0x0000000014208000)
 End Bits:   [0x0000000014208000, 0x00000000161e0000)

Polling page: 0x0000000000600000

CodeCache: size=245760Kb used=1115Kb max_used=1115Kb free=244644Kb
 bounds [0x00000000023c0000, 0x0000000002630000, 0x00000000113c0000]
 total_blobs=265 nmethods=40 adapters=148
 compilation: enabled

Compilation events (10 events):
Event: 6.093 Thread 0x0000000018d40800   36       3       sun.misc.FDBigInteger::mult (64 bytes)
Event: 6.094 Thread 0x0000000018d40800 nmethod 36 0x00000000024d5210 code [0x00000000024d5380, 0x00000000024d5610]
Event: 6.094 Thread 0x0000000018d40800   37       3       sun.misc.FDBigInteger::<init> (30 bytes)
Event: 6.095 Thread 0x0000000018d40800 nmethod 37 0x00000000024d5910 code [0x00000000024d5a80, 0x00000000024d5ca8]
Event: 6.095 Thread 0x0000000018d40800   38       3       sun.misc.FDBigInteger::mult (44 bytes)
Event: 6.095 Thread 0x0000000018d40800 nmethod 38 0x00000000024d5d90 code [0x00000000024d5f20, 0x00000000024d6258]
Event: 6.099 Thread 0x0000000018d40800   39       1       java.net.URL::getRef (5 bytes)
Event: 6.099 Thread 0x0000000018d40800 nmethod 39 0x00000000024d6390 code [0x00000000024d64e0, 0x00000000024d65f0]
Event: 57.818 Thread 0x0000000018d40800   40       3       java.lang.AbstractStringBuilder::expandCapacity (50 bytes)
Event: 57.818 Thread 0x0000000018d40800 nmethod 40 0x00000000024d6650 code [0x00000000024d6800, 0x00000000024d6d58]

GC Heap History (0 events):
No events

Deoptimization events (0 events):
No events

Internal exceptions (10 events):
Event: 0.214 Thread 0x000000000084d800 Exception <a 'java/security/PrivilegedActionException'> (0x00000000d597ce80) thrown at [C:\workspace\8-2-build-windows-amd64-cygwin\jdk8u31\2394\hotspot\src\share\vm\prims\jvm.cpp, line 1312]
Event: 0.215 Thread 0x000000000084d800 Exception <a 'java/security/PrivilegedActionException'> (0x00000000d597ebe8) thrown at [C:\workspace\8-2-build-windows-amd64-cygwin\jdk8u31\2394\hotspot\src\share\vm\prims\jvm.cpp, line 1312]
Event: 0.215 Thread 0x000000000084d800 Exception <a 'java/security/PrivilegedActionException'> (0x00000000d5980558) thrown at [C:\workspace\8-2-build-windows-amd64-cygwin\jdk8u31\2394\hotspot\src\share\vm\prims\jvm.cpp, line 1312]
Event: 0.218 Thread 0x000000000084d800 Exception <a 'java/security/PrivilegedActionException'> (0x00000000d5982740) thrown at [C:\workspace\8-2-build-windows-amd64-cygwin\jdk8u31\2394\hotspot\src\share\vm\prims\jvm.cpp, line 1312]
Event: 0.219 Thread 0x000000000084d800 Exception <a 'java/security/PrivilegedActionException'> (0x00000000d5985b70) thrown at [C:\workspace\8-2-build-windows-amd64-cygwin\jdk8u31\2394\hotspot\src\share\vm\prims\jvm.cpp, line 1312]
Event: 0.219 Thread 0x000000000084d800 Exception <a 'java/security/PrivilegedActionException'> (0x00000000d59870e8) thrown at [C:\workspace\8-2-build-windows-amd64-cygwin\jdk8u31\2394\hotspot\src\share\vm\prims\jvm.cpp, line 1312]
Event: 0.221 Thread 0x000000000084d800 Exception <a 'java/security/PrivilegedActionException'> (0x00000000d598a670) thrown at [C:\workspace\8-2-build-windows-amd64-cygwin\jdk8u31\2394\hotspot\src\share\vm\prims\jvm.cpp, line 1312]
Event: 1.755 Thread 0x000000000084d800 Exception <a 'java/security/PrivilegedActionException'> (0x00000000d598d1f8) thrown at [C:\workspace\8-2-build-windows-amd64-cygwin\jdk8u31\2394\hotspot\src\share\vm\prims\jvm.cpp, line 1312]
Event: 6.095 Thread 0x000000000084d800 Exception <a 'java/security/PrivilegedActionException'> (0x00000000d5999188) thrown at [C:\workspace\8-2-build-windows-amd64-cygwin\jdk8u31\2394\hotspot\src\share\vm\prims\jvm.cpp, line 1312]
Event: 6.098 Thread 0x000000000084d800 Exception <a 'java/security/PrivilegedActionException'> (0x00000000d599b0a8) thrown at [C:\workspace\8-2-build-windows-amd64-cygwin\jdk8u31\2394\hotspot\src\share\vm\prims\jvm.cpp, line 1312]

Events (10 events):
Event: 57.818 loading class java/util/ArrayList$Itr
Event: 57.818 loading class java/util/ArrayList$Itr done
Event: 57.827 Executing VM operation: GetOrSetLocal
Event: 57.827 Executing VM operation: GetOrSetLocal done
Event: 57.827 Executing VM operation: GetOrSetLocal
Event: 57.827 Executing VM operation: GetOrSetLocal done
Event: 57.828 Executing VM operation: GetOrSetLocal
Event: 57.828 Executing VM operation: GetOrSetLocal done
Event: 117.028 Executing VM operation: RedefineClasses
Event: 117.028 Executing VM operation: RedefineClasses done


Dynamic libraries:
0x00007ff7cceb0000 - 0x00007ff7ccee4000 	D:\Programas\EclipseComplete\EclipseComplete\eclipse\jre\bin\javaw.exe
0x00007ffae7280000 - 0x00007ffae7461000 	C:\WINDOWS\SYSTEM32\ntdll.dll
0x00007ffadc4d0000 - 0x00007ffadc4e2000 	C:\Program Files\AVAST Software\Avast\aswhook.dll
0x00007ffae6da0000 - 0x00007ffae6e52000 	C:\WINDOWS\System32\KERNEL32.DLL
0x00007ffae41a0000 - 0x00007ffae4413000 	C:\WINDOWS\System32\KERNELBASE.dll
0x00007ffae5490000 - 0x00007ffae5531000 	C:\WINDOWS\System32\ADVAPI32.dll
0x00007ffae51d0000 - 0x00007ffae526e000 	C:\WINDOWS\System32\msvcrt.dll
0x00007ffae4da0000 - 0x00007ffae4dfb000 	C:\WINDOWS\System32\sechost.dll
0x00007ffae70a0000 - 0x00007ffae71c4000 	C:\WINDOWS\System32\RPCRT4.dll
0x00007ffae4c10000 - 0x00007ffae4da0000 	C:\WINDOWS\System32\USER32.dll
0x00007ffae3f00000 - 0x00007ffae3f20000 	C:\WINDOWS\System32\win32u.dll
0x00007ffae5280000 - 0x00007ffae52a8000 	C:\WINDOWS\System32\GDI32.dll
0x00007ffae3650000 - 0x00007ffae37e2000 	C:\WINDOWS\System32\gdi32full.dll
0x00007ffae4670000 - 0x00007ffae470f000 	C:\WINDOWS\System32\msvcp_win.dll
0x00007ffae3f20000 - 0x00007ffae401a000 	C:\WINDOWS\System32\ucrtbase.dll
0x00007ffacf650000 - 0x00007ffacf8b9000 	C:\WINDOWS\WinSxS\amd64_microsoft.windows.common-controls_6595b64144ccf1df_6.0.17134.590_none_fb3d9bff3069e088\COMCTL32.dll
0x00007ffae55c0000 - 0x00007ffae58e2000 	C:\WINDOWS\System32\combase.dll
0x00007ffae4120000 - 0x00007ffae419a000 	C:\WINDOWS\System32\bcryptPrimitives.dll
0x00007ffae6e70000 - 0x00007ffae6e9d000 	C:\WINDOWS\System32\IMM32.DLL
0x0000000052570000 - 0x0000000052642000 	D:\Programas\EclipseComplete\EclipseComplete\eclipse\jre\bin\msvcr100.dll
0x0000000052800000 - 0x000000005305a000 	D:\Programas\EclipseComplete\EclipseComplete\eclipse\jre\bin\server\jvm.dll
0x00007ffae5120000 - 0x00007ffae5128000 	C:\WINDOWS\System32\PSAPI.DLL
0x00007ffaddf30000 - 0x00007ffaddf39000 	C:\WINDOWS\SYSTEM32\WSOCK32.dll
0x00007ffae6d30000 - 0x00007ffae6d9c000 	C:\WINDOWS\System32\WS2_32.dll
0x00007ffad95d0000 - 0x00007ffad95f3000 	C:\WINDOWS\SYSTEM32\WINMM.dll
0x00007ffad95a0000 - 0x00007ffad95ca000 	C:\WINDOWS\SYSTEM32\WINMMBASE.dll
0x00007ffae4020000 - 0x00007ffae4069000 	C:\WINDOWS\System32\cfgmgr32.dll
0x0000000052710000 - 0x000000005271f000 	D:\Programas\EclipseComplete\EclipseComplete\eclipse\jre\bin\verify.dll
0x00000000526e0000 - 0x0000000052708000 	D:\Programas\EclipseComplete\EclipseComplete\eclipse\jre\bin\java.dll
0x0000000052530000 - 0x0000000052565000 	D:\Programas\EclipseComplete\EclipseComplete\eclipse\jre\bin\jdwp.dll
0x0000000052520000 - 0x0000000052528000 	D:\Programas\EclipseComplete\EclipseComplete\eclipse\jre\bin\npt.dll
0x00000000526c0000 - 0x00000000526d6000 	D:\Programas\EclipseComplete\EclipseComplete\eclipse\jre\bin\zip.dll
0x00007ffae58f0000 - 0x00007ffae6d30000 	C:\WINDOWS\System32\SHELL32.dll
0x00007ffae4b60000 - 0x00007ffae4c09000 	C:\WINDOWS\System32\shcore.dll
0x00007ffae37f0000 - 0x00007ffae3efd000 	C:\WINDOWS\System32\windows.storage.dll
0x00007ffae5560000 - 0x00007ffae55b1000 	C:\WINDOWS\System32\shlwapi.dll
0x00007ffae35c0000 - 0x00007ffae35d1000 	C:\WINDOWS\System32\kernel.appcore.dll
0x00007ffae3590000 - 0x00007ffae35af000 	C:\WINDOWS\System32\profapi.dll
0x00007ffae35e0000 - 0x00007ffae362c000 	C:\WINDOWS\System32\powrprof.dll
0x00007ffae35b0000 - 0x00007ffae35ba000 	C:\WINDOWS\System32\FLTLIB.DLL
0x0000000052510000 - 0x0000000052519000 	D:\Programas\EclipseComplete\EclipseComplete\eclipse\jre\bin\dt_socket.dll
0x00007ffad0610000 - 0x00007ffad0626000 	C:\WINDOWS\system32\napinsp.dll
0x00007ffad0550000 - 0x00007ffad056a000 	C:\WINDOWS\system32\pnrpnsp.dll
0x00007ffadfba0000 - 0x00007ffadfbb9000 	C:\WINDOWS\system32\NLAapi.dll
0x00007ffae2e10000 - 0x00007ffae2e76000 	C:\WINDOWS\System32\mswsock.dll
0x00007ffae2bd0000 - 0x00007ffae2c8e000 	C:\WINDOWS\SYSTEM32\DNSAPI.dll
0x00007ffae6e60000 - 0x00007ffae6e68000 	C:\WINDOWS\System32\NSI.dll
0x00007ffae2b90000 - 0x00007ffae2bc8000 	C:\WINDOWS\SYSTEM32\IPHLPAPI.DLL
0x00007ffad0520000 - 0x00007ffad052e000 	C:\WINDOWS\System32\winrnr.dll
0x00007ffadd230000 - 0x00007ffadd2a2000 	C:\WINDOWS\System32\fwpuclnt.dll
0x00007ffae30f0000 - 0x00007ffae3115000 	C:\WINDOWS\SYSTEM32\bcrypt.dll
0x00007ffaddf70000 - 0x00007ffaddf7a000 	C:\Windows\System32\rasadhlp.dll
0x00007ffadeee0000 - 0x00007ffadf0a9000 	C:\WINDOWS\SYSTEM32\dbghelp.dll

VM Arguments:
jvm_args: -agentlib:jdwp=transport=dt_socket,suspend=y,address=localhost:50853 -Dfile.encoding=Cp1252 
java_command: test.TestExamen
java_class_path (initial): C:\Users\alber\workspace\RedSimulator\bin
Launcher Type: SUN_STANDARD

Environment Variables:
PATH=D:\Programas\EclipseComplete\EclipseComplete\eclipse\jre\bin;D:/Programas/EclipseComplete/EclipseComplete/eclipse/jre/bin/server;D:/Programas/EclipseComplete/EclipseComplete/eclipse/jre/bin;D:/Programas/EclipseComplete/EclipseComplete/eclipse/jre/lib/amd64;C:\Windows\system32;C:\Windows;C:\Windows\System32\Wbem;C:\Windows\System32\WindowsPowerShell\v1.0\;C:\Program Files (x86)\NVIDIA Corporation\PhysX\Common;C:\WINDOWS\system32;C:\WINDOWS;C:\WINDOWS\System32\Wbem;C:\WINDOWS\System32\WindowsPowerShell\v1.0\;C:\WINDOWS\System32\OpenSSH\;C:\Users\alber\AppData\Local\Microsoft\WindowsApps;;D:\Programas\EclipseComplete\EclipseComplete\eclipse;
USERNAME=alber
OS=Windows_NT
PROCESSOR_IDENTIFIER=Intel64 Family 6 Model 158 Stepping 9, GenuineIntel



---------------  S Y S T E M  ---------------

OS: Windows 8.1 , 64 bit Build 9600 

CPU:total 4 (4 cores per cpu, 1 threads per core) family 6 model 158 stepping 9, cmov, cx8, fxsr, mmx, sse, sse2, sse3, ssse3, sse4.1, sse4.2, popcnt, avx, avx2, aes, clmul, erms, rtm, lzcnt, tsc, tscinvbit, bmi1, bmi2

Memory: 4k page, physical 8347612k(4431992k free), swap 9658332k(3733168k free)

vm_info: Java HotSpot(TM) 64-Bit Server VM (25.31-b07) for windows-amd64 JRE (1.8.0_31-b13), built on Dec 17 2014 21:00:28 by "java_re" with MS VC++ 10.0 (VS2010)

time: Wed Feb 13 11:35:41 2019
elapsed time: 117 seconds (0d 0h 1m 57s)

